0 info it worked if it ends with ok
1 verbose cli [ '/Users/salmeron/.nvm/versions/node/v6.12.3/bin/node',
1 verbose cli   '/Users/salmeron/.nvm/versions/node/v6.12.3/bin/npm',
1 verbose cli   'run',
1 verbose cli   'deploy' ]
2 info using npm@3.10.10
3 info using node@v6.12.3
4 verbose run-script [ 'predeploy', 'deploy', 'postdeploy' ]
5 info lifecycle sportsdirect@1.0.0~predeploy: sportsdirect@1.0.0
6 silly lifecycle sportsdirect@1.0.0~predeploy: no script for predeploy, continuing
7 info lifecycle sportsdirect@1.0.0~deploy: sportsdirect@1.0.0
8 verbose lifecycle sportsdirect@1.0.0~deploy: unsafe-perm in lifecycle true
9 verbose lifecycle sportsdirect@1.0.0~deploy: PATH: /Users/salmeron/.nvm/versions/node/v6.12.3/lib/node_modules/npm/bin/node-gyp-bin:/Users/salmeron/Sites/ds/sportsdirect/node_modules/.bin:/Users/salmeron/.nvm/versions/node/v6.12.3/bin:/usr/local/bin:/usr/bin:/bin:/usr/sbin:/sbin:/Users/salmeron/apache-maven-3.5.3/bin
10 verbose lifecycle sportsdirect@1.0.0~deploy: CWD: /Users/salmeron/Sites/ds/sportsdirect
11 silly lifecycle sportsdirect@1.0.0~deploy: Args: [ '-c',
11 silly lifecycle   'gatsby build && gh-pages -o upstream -b master -d public' ]
12 silly lifecycle sportsdirect@1.0.0~deploy: Returned: code: 1  signal: null
13 info lifecycle sportsdirect@1.0.0~deploy: Failed to exec deploy script
14 verbose stack Error: sportsdirect@1.0.0 deploy: `gatsby build && gh-pages -o upstream -b master -d public`
14 verbose stack Exit status 1
14 verbose stack     at EventEmitter.<anonymous> (/Users/salmeron/.nvm/versions/node/v6.12.3/lib/node_modules/npm/lib/utils/lifecycle.js:255:16)
14 verbose stack     at emitTwo (events.js:106:13)
14 verbose stack     at EventEmitter.emit (events.js:191:7)
14 verbose stack     at ChildProcess.<anonymous> (/Users/salmeron/.nvm/versions/node/v6.12.3/lib/node_modules/npm/lib/utils/spawn.js:40:14)
14 verbose stack     at emitTwo (events.js:106:13)
14 verbose stack     at ChildProcess.emit (events.js:191:7)
14 verbose stack     at maybeClose (internal/child_process.js:920:16)
14 verbose stack     at Process.ChildProcess._handle.onexit (internal/child_process.js:230:5)
15 verbose pkgid sportsdirect@1.0.0
16 verbose cwd /Users/salmeron/Sites/ds/sportsdirect
17 error Darwin 17.4.0
18 error argv "/Users/salmeron/.nvm/versions/node/v6.12.3/bin/node" "/Users/salmeron/.nvm/versions/node/v6.12.3/bin/npm" "run" "deploy"
19 error node v6.12.3
20 error npm  v3.10.10
21 error code ELIFECYCLE
22 error sportsdirect@1.0.0 deploy: `gatsby build && gh-pages -o upstream -b master -d public`
22 error Exit status 1
23 error Failed at the sportsdirect@1.0.0 deploy script 'gatsby build && gh-pages -o upstream -b master -d public'.
23 error Make sure you have the latest version of node.js and npm installed.
23 error If you do, this is most likely a problem with the sportsdirect package,
23 error not with npm itself.
23 error Tell the author that this fails on your system:
23 error     gatsby build && gh-pages -o upstream -b master -d public
23 error You can get information on how to open an issue for this project with:
23 error     npm bugs sportsdirect
23 error Or if that isn't available, you can get their info via:
23 error     npm owner ls sportsdirect
23 error There is likely additional logging output above.
24 verbose exit [ 1, true ]
